[2020-01-19T09:37:36.126] [DEBUG] cheese - login => username:zs,password:123456
[2020-01-19T09:37:36.129] [DEBUG] cheese - zs
[2020-01-19T09:37:36.144] [DEBUG] cheese - null
[2020-01-19T09:37:36.144] [DEBUG] cheese - null
[2020-01-19T09:37:45.423] [DEBUG] cheese - login => username:admin,password:123456
[2020-01-19T09:37:45.423] [DEBUG] cheese - admin
[2020-01-19T09:37:45.432] [DEBUG] cheese - null
[2020-01-19T09:37:45.432] [DEBUG] cheese - null
[2020-01-19T14:58:49.600] [DEBUG] cheese - login => username:admin,password:123456
[2020-01-19T14:58:49.602] [DEBUG] cheese - admin
[2020-01-19T14:58:49.617] [DEBUG] cheese - null
[2020-01-19T14:58:49.618] [DEBUG] cheese - null
[2020-01-19T14:59:44.235] [DEBUG] cheese - login => username:admin,password:123456
[2020-01-19T14:59:44.235] [DEBUG] cheese - admin
[2020-01-19T14:59:44.238] [DEBUG] cheese - null
[2020-01-19T14:59:44.239] [DEBUG] cheese - null
[2020-01-19T15:17:42.569] [DEBUG] cheese - login => username:admin,password:123456
[2020-01-19T15:17:42.570] [DEBUG] cheese - admin
[2020-01-19T15:17:42.574] [DEBUG] cheese - null
[2020-01-19T15:17:42.574] [DEBUG] cheese - null
[2020-01-19T15:18:22.727] [DEBUG] cheese - login => username:admin,password:123456
[2020-01-19T15:18:22.727] [DEBUG] cheese - admin
[2020-01-19T15:18:22.729] [DEBUG] cheese - null
[2020-01-19T15:18:22.729] [DEBUG] cheese - null
[2020-01-19T15:18:26.210] [DEBUG] cheese - login => username:admin,password:123456
[2020-01-19T15:18:26.210] [DEBUG] cheese - admin
[2020-01-19T15:18:26.213] [DEBUG] cheese - null
[2020-01-19T15:18:26.213] [DEBUG] cheese - null
[2020-01-19T15:18:28.096] [DEBUG] cheese - login => username:admina,password:123456
[2020-01-19T15:18:28.096] [DEBUG] cheese - admina
[2020-01-19T15:18:28.098] [DEBUG] cheese - null
[2020-01-19T15:18:28.098] [DEBUG] cheese - null
[2020-01-19T15:25:07.169] [DEBUG] cheese - login => username:admin,password:123456
[2020-01-19T15:25:07.170] [DEBUG] cheese - admin
[2020-01-19T15:25:07.172] [DEBUG] cheese - null
[2020-01-19T15:25:07.173] [DEBUG] cheese - null
[2020-01-19T15:26:31.579] [DEBUG] cheese - login => username:admin,password:123456d
[2020-01-19T15:26:31.579] [DEBUG] cheese - admin
[2020-01-19T15:26:31.581] [DEBUG] cheese - null
[2020-01-19T15:26:31.581] [DEBUG] cheese - null
[2020-01-19T15:26:34.835] [DEBUG] cheese - login => username:admin,password:123456d
[2020-01-19T15:26:34.835] [DEBUG] cheese - admin
[2020-01-19T15:26:34.836] [DEBUG] cheese - null
[2020-01-19T15:26:34.837] [DEBUG] cheese - null
[2020-01-19T15:26:35.293] [DEBUG] cheese - login => username:admin,password:123456d
[2020-01-19T15:26:35.293] [DEBUG] cheese - admin
[2020-01-19T15:26:35.296] [DEBUG] cheese - null
[2020-01-19T15:26:35.296] [DEBUG] cheese - null
[2020-01-19T15:26:40.302] [DEBUG] cheese - login => username:admin,password:123456
[2020-01-19T15:26:40.302] [DEBUG] cheese - admin
[2020-01-19T15:26:40.304] [DEBUG] cheese - null
[2020-01-19T15:26:40.304] [DEBUG] cheese - null
[2020-01-19T15:28:41.289] [DEBUG] cheese - login => username:admin,password:123456
[2020-01-19T15:28:41.289] [DEBUG] cheese - admin
[2020-01-19T15:28:41.291] [DEBUG] cheese - null
[2020-01-19T15:28:41.291] [DEBUG] cheese - null
[2020-01-19T15:29:36.110] [DEBUG] cheese - login => username:admin,password:123456
[2020-01-19T15:29:36.110] [DEBUG] cheese - admin
[2020-01-19T15:29:36.113] [DEBUG] cheese - null
[2020-01-19T15:29:36.113] [DEBUG] cheese - null
[2020-01-19T15:30:03.885] [DEBUG] cheese - login => username:admin,password:123456
[2020-01-19T15:30:03.885] [DEBUG] cheese - admin
[2020-01-19T15:30:03.888] [DEBUG] cheese - null
[2020-01-19T15:30:03.888] [DEBUG] cheese - null
[2020-01-19T15:42:40.236] [DEBUG] cheese - login => username:admin,password:123456
[2020-01-19T15:42:40.236] [DEBUG] cheese - admin
[2020-01-19T15:42:40.239] [DEBUG] cheese - null
[2020-01-19T15:42:40.239] [DEBUG] cheese - null
[2020-01-19T16:03:47.994] [DEBUG] cheese - login => username:admin,password:123456
[2020-01-19T16:03:47.994] [DEBUG] cheese - admin
[2020-01-19T16:03:47.997] [DEBUG] cheese - null
[2020-01-19T16:03:47.997] [DEBUG] cheese - null
[2020-01-19T16:10:45.012] [DEBUG] cheese - login => username:admin,password:123456
[2020-01-19T16:10:45.012] [DEBUG] cheese - admin
[2020-01-19T16:10:45.016] [DEBUG] cheese - null
[2020-01-19T16:10:45.016] [DEBUG] cheese - null
[2020-01-19T16:11:53.433] [DEBUG] cheese - login => username:admin,password:123456
[2020-01-19T16:11:53.433] [DEBUG] cheese - admin
[2020-01-19T16:11:53.436] [DEBUG] cheese - null
[2020-01-19T16:11:53.436] [DEBUG] cheese - null
[2020-01-19T16:18:49.514] [DEBUG] cheese - login => username:admin,password:123456
[2020-01-19T16:18:49.514] [DEBUG] cheese - admin
[2020-01-19T16:18:49.516] [DEBUG] cheese - null
[2020-01-19T16:18:49.517] [DEBUG] cheese - null
[2020-01-19T16:28:16.679] [DEBUG] cheese - login => username:admin,password:123456
[2020-01-19T16:28:16.679] [DEBUG] cheese - admin
[2020-01-19T16:28:16.681] [DEBUG] cheese - null
[2020-01-19T16:28:16.681] [DEBUG] cheese - null
[2020-01-19T16:56:02.532] [DEBUG] cheese - login => username:admin,password:123456
[2020-01-19T16:56:02.533] [DEBUG] cheese - admin
[2020-01-19T16:56:02.536] [DEBUG] cheese - null
[2020-01-19T16:56:02.536] [DEBUG] cheese - null
[2020-01-19T17:21:38.815] [DEBUG] cheese - login => username:admin,password:123456
[2020-01-19T17:21:38.815] [DEBUG] cheese - admin
[2020-01-19T17:21:38.817] [DEBUG] cheese - null
[2020-01-19T17:21:38.817] [DEBUG] cheese - null
[2020-01-19T17:23:50.368] [DEBUG] cheese - login => username:admin,password:123456
[2020-01-19T17:23:50.369] [DEBUG] cheese - admin
[2020-01-19T17:23:50.371] [DEBUG] cheese - null
[2020-01-19T17:23:50.371] [DEBUG] cheese - null
[2020-01-19T17:24:24.053] [DEBUG] cheese - login => username:admin,password:123456
[2020-01-19T17:24:24.053] [DEBUG] cheese - admin
[2020-01-19T17:24:24.055] [DEBUG] cheese - null
[2020-01-19T17:24:24.055] [DEBUG] cheese - null
[2020-01-19T17:28:18.312] [DEBUG] cheese - login => username:admin,password:123456
[2020-01-19T17:28:18.312] [DEBUG] cheese - admin
[2020-01-19T17:28:18.315] [DEBUG] cheese - null
[2020-01-19T17:28:18.315] [DEBUG] cheese - null
[2020-01-19T17:44:37.466] [DEBUG] cheese - login => username:admin,password:123456
[2020-01-19T17:44:37.466] [DEBUG] cheese - admin
[2020-01-19T17:44:37.469] [DEBUG] cheese - null
[2020-01-19T17:44:37.469] [DEBUG] cheese - null
[2020-01-19T17:46:20.424] [DEBUG] cheese - login => username:admin,password:123456
[2020-01-19T17:46:20.424] [DEBUG] cheese - admin
[2020-01-19T17:46:20.428] [DEBUG] cheese - null
[2020-01-19T17:46:20.428] [DEBUG] cheese - null
[2020-01-19T21:53:47.644] [DEBUG] cheese - login => username:admin,password:123456
[2020-01-19T21:53:47.644] [DEBUG] cheese - admin
[2020-01-19T21:53:47.647] [DEBUG] cheese - null
[2020-01-19T21:53:47.647] [DEBUG] cheese - null
[2020-01-19T22:21:52.998] [DEBUG] cheese - login => username:admin,password:123456
[2020-01-19T22:21:52.998] [DEBUG] cheese - admin
[2020-01-19T22:21:53.001] [DEBUG] cheese - null
[2020-01-19T22:21:53.001] [DEBUG] cheese - null
[2020-01-19T23:08:34.335] [DEBUG] cheese - login => username:admin,password:123456
[2020-01-19T23:08:34.335] [DEBUG] cheese - admin
[2020-01-19T23:08:34.337] [DEBUG] cheese - null
[2020-01-19T23:08:34.337] [DEBUG] cheese - null
[2020-01-20T16:15:37.043] [DEBUG] cheese - login => username:admin,password:123456
[2020-01-20T16:15:37.045] [DEBUG] cheese - admin
[2020-01-20T16:15:37.055] [DEBUG] cheese - null
[2020-01-20T16:15:37.056] [DEBUG] cheese - null
[2020-01-20T16:40:51.810] [DEBUG] cheese - login => username:admin,password:123456
[2020-01-20T16:40:51.810] [DEBUG] cheese - admin
[2020-01-20T16:40:51.814] [DEBUG] cheese - null
[2020-01-20T16:40:51.814] [DEBUG] cheese - null
[2020-01-20T23:36:37.377] [DEBUG] cheese - login => username:admin,password:123456
[2020-01-20T23:36:37.378] [DEBUG] cheese - admin
[2020-01-20T23:36:37.380] [DEBUG] cheese - null
[2020-01-20T23:36:37.380] [DEBUG] cheese - null
[2020-01-21T15:57:20.945] [DEBUG] cheese - null
[2020-01-21T23:03:47.319] [DEBUG] cheese - login => username:admin,password:123456
[2020-01-21T23:03:47.320] [DEBUG] cheese - admin
[2020-01-21T23:03:47.323] [DEBUG] cheese - null
[2020-01-21T23:03:47.323] [DEBUG] cheese - null
[2020-01-23T20:44:20.582] [DEBUG] cheese - login => username:admin,password:123456
[2020-01-23T20:44:20.585] [DEBUG] cheese - admin
[2020-01-23T20:44:20.604] [DEBUG] cheese - null
[2020-01-23T20:44:20.605] [DEBUG] cheese - null
[2020-01-25T12:07:27.757] [DEBUG] cheese - login => username:admin,password:123456
[2020-01-25T12:07:27.758] [DEBUG] cheese - admin
[2020-01-25T12:07:27.868] [DEBUG] cheese - null
[2020-01-25T12:07:27.868] [DEBUG] cheese - null
[2020-01-25T17:55:09.328] [DEBUG] cheese - login => username:admin,password:123456
[2020-01-25T17:55:09.328] [DEBUG] cheese - admin
[2020-01-25T17:55:09.330] [DEBUG] cheese - null
[2020-01-25T17:55:09.330] [DEBUG] cheese - null
[2020-01-25T17:56:06.587] [DEBUG] cheese - login => username:admi,password:123456
[2020-01-25T17:56:06.588] [DEBUG] cheese - admi
[2020-01-25T17:56:06.589] [DEBUG] cheese - null
[2020-01-25T17:56:06.589] [DEBUG] cheese - null
[2020-01-25T17:56:10.552] [DEBUG] cheese - login => username:admin,password:123456
[2020-01-25T17:56:10.552] [DEBUG] cheese - admin
[2020-01-25T17:56:10.555] [DEBUG] cheese - null
[2020-01-25T17:56:10.555] [DEBUG] cheese - null
[2020-01-25T17:56:25.692] [DEBUG] cheese - login => username:linken,password:123456
[2020-01-25T17:56:25.692] [DEBUG] cheese - linken
[2020-01-25T17:56:25.695] [DEBUG] cheese - null
[2020-01-25T17:56:25.695] [DEBUG] cheese - null
[2020-01-25T17:56:33.086] [DEBUG] cheese - login => username:admin,password:123456
[2020-01-25T17:56:33.086] [DEBUG] cheese - admin
[2020-01-25T17:56:33.089] [DEBUG] cheese - null
[2020-01-25T17:56:33.089] [DEBUG] cheese - null
[2020-01-25T18:01:11.807] [DEBUG] cheese - login => username:auth,password:123456
[2020-01-25T18:01:11.807] [DEBUG] cheese - auth
[2020-01-25T18:01:11.809] [DEBUG] cheese - null
[2020-01-25T18:01:11.809] [DEBUG] cheese - null
[2020-01-25T18:01:21.331] [DEBUG] cheese - login => username:auth,password:123456
[2020-01-25T18:01:21.331] [DEBUG] cheese - auth
[2020-01-25T18:01:21.333] [DEBUG] cheese - null
[2020-01-25T18:01:21.333] [DEBUG] cheese - null
[2020-01-25T18:01:22.594] [DEBUG] cheese - login => username:admin,password:123456
[2020-01-25T18:01:22.594] [DEBUG] cheese - admin
[2020-01-25T18:01:22.596] [DEBUG] cheese - null
[2020-01-25T18:01:22.596] [DEBUG] cheese - null
[2020-01-25T18:01:46.719] [DEBUG] cheese - login => username:auth,password:123456
[2020-01-25T18:01:46.719] [DEBUG] cheese - auth
[2020-01-25T18:01:46.720] [DEBUG] cheese - null
[2020-01-25T18:01:46.720] [DEBUG] cheese - null
[2020-01-25T18:01:49.042] [DEBUG] cheese - null
[2020-01-25T18:01:49.045] [DEBUG] cheese - null
[2020-01-25T18:01:52.237] [DEBUG] cheese - null
[2020-01-25T18:01:52.238] [DEBUG] cheese - null
[2020-01-25T18:01:53.421] [DEBUG] cheese - null
[2020-01-25T18:01:53.424] [DEBUG] cheese - null
[2020-01-25T18:01:59.201] [DEBUG] cheese - login => username:admin,password:123456
[2020-01-25T18:01:59.201] [DEBUG] cheese - admin
[2020-01-25T18:01:59.202] [DEBUG] cheese - null
[2020-01-25T18:01:59.202] [DEBUG] cheese - null
[2020-01-26T13:07:24.764] [DEBUG] cheese - login => username:admin,password:123456
[2020-01-26T13:07:24.764] [DEBUG] cheese - admin
[2020-01-26T13:07:24.767] [DEBUG] cheese - null
[2020-01-26T13:07:24.767] [DEBUG] cheese - null
[2020-01-26T16:04:29.486] [DEBUG] cheese - login => username:admin,password:123456
[2020-01-26T16:04:29.486] [DEBUG] cheese - admin
[2020-01-26T16:04:29.592] [DEBUG] cheese - null
[2020-01-26T16:04:29.592] [DEBUG] cheese - null
[2020-01-26T17:42:27.771] [DEBUG] cheese - login => username:orders,password:123456
[2020-01-26T17:42:27.772] [DEBUG] cheese - orders
[2020-01-26T17:42:27.776] [DEBUG] cheese - null
[2020-01-26T17:42:27.776] [DEBUG] cheese - null
[2020-01-26T17:42:37.026] [DEBUG] cheese - login => username:admin,password:123456
[2020-01-26T17:42:37.026] [DEBUG] cheese - admin
[2020-01-26T17:42:37.031] [DEBUG] cheese - null
[2020-01-26T17:42:37.031] [DEBUG] cheese - null
[2020-01-26T17:42:51.967] [DEBUG] cheese - login => username:good,password:123456
[2020-01-26T17:42:51.967] [DEBUG] cheese - good
[2020-01-26T17:42:51.968] [DEBUG] cheese - null
[2020-01-26T17:42:51.969] [DEBUG] cheese - null
[2020-01-26T17:42:57.198] [DEBUG] cheese - login => username:good,password:123456
[2020-01-26T17:42:57.198] [DEBUG] cheese - good
[2020-01-26T17:42:57.202] [DEBUG] cheese - null
[2020-01-26T17:42:57.202] [DEBUG] cheese - null
[2020-01-26T17:43:03.117] [DEBUG] cheese - login => username:admin,password:123456
[2020-01-26T17:43:03.117] [DEBUG] cheese - admin
[2020-01-26T17:43:03.121] [DEBUG] cheese - null
[2020-01-26T17:43:03.121] [DEBUG] cheese - null
[2020-01-26T17:59:57.263] [DEBUG] cheese - login => username:linken,password:123456
[2020-01-26T17:59:57.263] [DEBUG] cheese - linken
[2020-01-26T17:59:57.266] [DEBUG] cheese - null
[2020-01-26T17:59:57.266] [DEBUG] cheese - null
[2020-01-26T17:59:59.567] [DEBUG] cheese - null
[2020-01-26T17:59:59.571] [DEBUG] cheese - null
[2020-01-26T18:00:00.669] [DEBUG] cheese - null
[2020-01-26T18:00:00.673] [DEBUG] cheese - null
[2020-01-26T18:00:01.722] [DEBUG] cheese - null
[2020-01-26T18:00:01.725] [DEBUG] cheese - null
[2020-01-26T18:00:12.566] [DEBUG] cheese - null
[2020-01-26T18:00:12.571] [DEBUG] cheese - null
[2020-01-26T18:00:13.701] [DEBUG] cheese - null
[2020-01-26T18:00:13.705] [DEBUG] cheese - null
[2020-01-26T18:00:20.653] [DEBUG] cheese - login => username:admin,password:123456
[2020-01-26T18:00:20.653] [DEBUG] cheese - admin
[2020-01-26T18:00:20.657] [DEBUG] cheese - null
[2020-01-26T18:00:20.657] [DEBUG] cheese - null
[2020-01-26T18:01:02.169] [DEBUG] cheese - login => username:admin,password:123456
[2020-01-26T18:01:02.169] [DEBUG] cheese - admin
[2020-01-26T18:01:02.174] [DEBUG] cheese - null
[2020-01-26T18:01:02.174] [DEBUG] cheese - null
[2020-01-26T18:01:11.646] [DEBUG] cheese - login => username:orders,password:123456
[2020-01-26T18:01:11.646] [DEBUG] cheese - orders
[2020-01-26T18:01:11.650] [DEBUG] cheese - null
[2020-01-26T18:01:11.650] [DEBUG] cheese - null
[2020-01-26T18:01:12.416] [DEBUG] cheese - login => username:orders,password:123456
[2020-01-26T18:01:12.416] [DEBUG] cheese - orders
[2020-01-26T18:01:12.421] [DEBUG] cheese - null
[2020-01-26T18:01:12.421] [DEBUG] cheese - null
[2020-01-26T18:01:12.616] [DEBUG] cheese - login => username:orders,password:123456
[2020-01-26T18:01:12.617] [DEBUG] cheese - orders
[2020-01-26T18:01:12.620] [DEBUG] cheese - null
[2020-01-26T18:01:12.621] [DEBUG] cheese - null
[2020-01-26T18:01:15.327] [DEBUG] cheese - login => username:admin,password:123456
[2020-01-26T18:01:15.327] [DEBUG] cheese - admin
[2020-01-26T18:01:15.331] [DEBUG] cheese - null
[2020-01-26T18:01:15.331] [DEBUG] cheese - null
[2020-01-26T22:01:29.107] [DEBUG] cheese - login => username:admin,password:123456
[2020-01-26T22:01:29.107] [DEBUG] cheese - admin
[2020-01-26T22:01:29.113] [DEBUG] cheese - null
[2020-01-26T22:01:29.113] [DEBUG] cheese - null
[2020-01-28T09:54:49.669] [DEBUG] cheese - login => username:admin,password:123456
[2020-01-28T09:54:49.671] [DEBUG] cheese - admin
[2020-01-28T09:54:49.689] [DEBUG] cheese - null
[2020-01-28T09:54:49.690] [DEBUG] cheese - null
[2020-01-28T09:59:40.428] [DEBUG] cheese - login => username:admin,password:123456
[2020-01-28T09:59:40.428] [DEBUG] cheese - admin
[2020-01-28T09:59:40.431] [DEBUG] cheese - null
[2020-01-28T09:59:40.431] [DEBUG] cheese - null
[2020-01-28T12:56:54.555] [DEBUG] cheese - login => username:admin,password:123456
[2020-01-28T12:56:54.555] [DEBUG] cheese - admin
[2020-01-28T12:56:54.558] [DEBUG] cheese - null
[2020-01-28T12:56:54.558] [DEBUG] cheese - null
[2020-01-29T14:09:05.931] [DEBUG] cheese - login => username:admin,password:123456
[2020-01-29T14:09:05.931] [DEBUG] cheese - admin
[2020-01-29T14:09:05.987] [DEBUG] cheese - null
[2020-01-29T14:09:05.987] [DEBUG] cheese - null
[2020-01-30T13:06:03.979] [DEBUG] cheese - login => username:admin,password:123456
[2020-01-30T13:06:03.981] [DEBUG] cheese - admin
[2020-01-30T13:06:03.998] [DEBUG] cheese - null
[2020-01-30T13:06:03.999] [DEBUG] cheese - null
[2020-01-31T15:04:41.057] [DEBUG] cheese - login => username:admin,password:123456
[2020-01-31T15:04:41.059] [DEBUG] cheese - admin
[2020-01-31T15:04:41.091] [DEBUG] cheese - null
[2020-01-31T15:04:41.091] [DEBUG] cheese - null
[2020-01-31T15:16:39.226] [DEBUG] cheese - login => username:admin,password:123456
[2020-01-31T15:16:39.226] [DEBUG] cheese - admin
[2020-01-31T15:16:39.230] [DEBUG] cheese - null
[2020-01-31T15:16:39.230] [DEBUG] cheese - null
[2020-01-31T15:16:57.411] [DEBUG] cheese - login => username:admin,password:123456
[2020-01-31T15:16:57.412] [DEBUG] cheese - admin
[2020-01-31T15:16:57.416] [DEBUG] cheese - null
[2020-01-31T15:16:57.416] [DEBUG] cheese - null
[2020-01-31T16:45:49.514] [DEBUG] cheese - null
[2020-02-01T15:19:52.934] [DEBUG] cheese - login => username:admin,password:123456
[2020-02-01T15:19:52.934] [DEBUG] cheese - admin
[2020-02-01T15:19:52.943] [DEBUG] cheese - null
[2020-02-01T15:19:52.943] [DEBUG] cheese - null
[2020-02-02T10:55:43.884] [DEBUG] cheese - login => username:admin,password:123456
[2020-02-02T10:55:43.884] [DEBUG] cheese - admin
[2020-02-02T10:55:43.887] [DEBUG] cheese - null
[2020-02-02T10:55:43.887] [DEBUG] cheese - null
[2020-02-02T12:23:43.455] [DEBUG] cheese - login => username:admin,password:123456
[2020-02-02T12:23:43.458] [DEBUG] cheese - admin
[2020-02-02T12:23:43.478] [DEBUG] cheese - null
[2020-02-02T12:23:43.478] [DEBUG] cheese - null
[2020-02-02T12:25:57.106] [DEBUG] cheese - login => username:admin,password:123456
[2020-02-02T12:25:57.106] [DEBUG] cheese - admin
[2020-02-02T12:25:57.112] [DEBUG] cheese - null
[2020-02-02T12:25:57.112] [DEBUG] cheese - null
[2020-02-02T12:27:41.624] [DEBUG] cheese - login => username:admin,password:123456
[2020-02-02T12:27:41.624] [DEBUG] cheese - admin
[2020-02-02T12:27:41.630] [DEBUG] cheese - null
[2020-02-02T12:27:41.630] [DEBUG] cheese - null
[2020-02-02T12:28:10.566] [DEBUG] cheese - login => username:admin5,password:123456
[2020-02-02T12:28:10.566] [DEBUG] cheese - admin5
[2020-02-02T12:28:10.570] [DEBUG] cheese - null
[2020-02-02T12:28:10.571] [DEBUG] cheese - null
[2020-02-02T12:28:31.941] [DEBUG] cheese - login => username:admin,password:123456
[2020-02-02T12:28:31.941] [DEBUG] cheese - admin
[2020-02-02T12:28:31.946] [DEBUG] cheese - null
[2020-02-02T12:28:31.946] [DEBUG] cheese - null
[2020-02-02T12:40:46.618] [DEBUG] cheese - login => username:admin,password:123456
[2020-02-02T12:40:46.619] [DEBUG] cheese - admin
[2020-02-02T12:40:46.622] [DEBUG] cheese - null
[2020-02-02T12:40:46.622] [DEBUG] cheese - null
[2020-02-02T12:47:25.040] [DEBUG] cheese - login => username:admin,password:123456
[2020-02-02T12:47:25.040] [DEBUG] cheese - admin
[2020-02-02T12:47:25.043] [DEBUG] cheese - null
[2020-02-02T12:47:25.043] [DEBUG] cheese - null
[2020-02-02T12:59:06.747] [DEBUG] cheese - login => username:admin,password:123456
[2020-02-02T12:59:06.750] [DEBUG] cheese - admin
[2020-02-02T12:59:06.762] [DEBUG] cheese - null
[2020-02-02T12:59:06.762] [DEBUG] cheese - null
[2020-02-02T13:42:31.266] [DEBUG] cheese - login => username:admin,password:123456
[2020-02-02T13:42:31.266] [DEBUG] cheese - admin
[2020-02-02T13:42:31.272] [DEBUG] cheese - null
[2020-02-02T13:42:31.273] [DEBUG] cheese - null
[2020-02-02T13:42:52.236] [DEBUG] cheese - login => username:admin,password:123456
[2020-02-02T13:42:52.237] [DEBUG] cheese - admin
[2020-02-02T13:42:52.241] [DEBUG] cheese - null
[2020-02-02T13:42:52.241] [DEBUG] cheese - null
[2020-02-02T13:43:22.373] [DEBUG] cheese - login => username:admin,password:123456
[2020-02-02T13:43:22.373] [DEBUG] cheese - admin
[2020-02-02T13:43:22.381] [DEBUG] cheese - null
[2020-02-02T13:43:22.382] [DEBUG] cheese - null
[2020-02-02T13:57:57.669] [DEBUG] cheese - login => username:admin,password:123456
[2020-02-02T13:57:57.669] [DEBUG] cheese - admin
[2020-02-02T13:57:57.675] [DEBUG] cheese - null
[2020-02-02T13:57:57.675] [DEBUG] cheese - null
[2020-02-02T14:01:00.834] [DEBUG] cheese - login => username:admin,password:123456
[2020-02-02T14:01:00.836] [DEBUG] cheese - admin
[2020-02-02T14:01:00.875] [DEBUG] cheese - null
[2020-02-02T14:01:00.876] [DEBUG] cheese - null
[2020-02-02T14:28:33.260] [DEBUG] cheese - login => username:admin,password:123456
[2020-02-02T14:28:33.260] [DEBUG] cheese - admin
[2020-02-02T14:28:33.263] [DEBUG] cheese - null
[2020-02-02T14:28:33.263] [DEBUG] cheese - null
[2020-02-02T14:35:49.467] [DEBUG] cheese - login => username:admin,password:123456
[2020-02-02T14:35:49.467] [DEBUG] cheese - admin
[2020-02-02T14:35:49.470] [DEBUG] cheese - null
[2020-02-02T14:35:49.470] [DEBUG] cheese - null
[2020-02-02T15:29:21.354] [DEBUG] cheese - login => username:admin,password:123456
[2020-02-02T15:29:21.354] [DEBUG] cheese - admin
[2020-02-02T15:29:21.363] [DEBUG] cheese - null
[2020-02-02T15:29:21.363] [DEBUG] cheese - null
[2020-02-02T15:34:42.350] [DEBUG] cheese - login => username:admin,password:123456
[2020-02-02T15:34:42.350] [DEBUG] cheese - admin
[2020-02-02T15:34:42.352] [DEBUG] cheese - null
[2020-02-02T15:34:42.353] [DEBUG] cheese - null
[2020-02-02T16:01:32.433] [DEBUG] cheese - login => username:admin,password:123456
[2020-02-02T16:01:32.433] [DEBUG] cheese - admin
[2020-02-02T16:01:32.435] [DEBUG] cheese - null
[2020-02-02T16:01:32.435] [DEBUG] cheese - null
[2020-02-02T16:11:20.413] [DEBUG] cheese - login => username:admin,password:123456
[2020-02-02T16:11:20.413] [DEBUG] cheese - admin
[2020-02-02T16:11:20.414] [DEBUG] cheese - null
[2020-02-02T16:11:20.414] [DEBUG] cheese - null
[2020-02-05T13:54:07.684] [DEBUG] cheese - login => username:admin,password:123456
[2020-02-05T13:54:07.685] [DEBUG] cheese - admin
[2020-02-05T13:54:07.719] [DEBUG] cheese - null
[2020-02-05T13:54:07.719] [DEBUG] cheese - null
[2020-02-14T17:01:46.873] [DEBUG] cheese - login => username:admin,password:123456
[2020-02-14T17:01:46.876] [DEBUG] cheese - admin
[2020-02-14T17:01:46.900] [DEBUG] cheese - null
[2020-02-14T17:01:46.901] [DEBUG] cheese - null
[2020-02-14T17:50:21.591] [DEBUG] cheese - login => username:admin,password:123456
[2020-02-14T17:50:21.594] [DEBUG] cheese - admin
[2020-02-14T17:50:21.604] [DEBUG] cheese - null
[2020-02-14T17:50:21.604] [DEBUG] cheese - null
[2020-02-14T17:51:46.243] [DEBUG] cheese - login => username:report,password:123456
[2020-02-14T17:51:46.244] [DEBUG] cheese - report
[2020-02-14T17:51:46.247] [DEBUG] cheese - null
[2020-02-14T17:51:46.247] [DEBUG] cheese - null
[2020-02-14T17:51:51.927] [DEBUG] cheese - login => username:admin,password:123456
[2020-02-14T17:51:51.928] [DEBUG] cheese - admin
[2020-02-14T17:51:51.930] [DEBUG] cheese - null
[2020-02-14T17:51:51.930] [DEBUG] cheese - null
[2020-02-14T17:53:05.427] [DEBUG] cheese - login => username:author,password:123456
[2020-02-14T17:53:05.427] [DEBUG] cheese - author
[2020-02-14T17:53:05.429] [DEBUG] cheese - null
[2020-02-14T17:53:05.429] [DEBUG] cheese - null
[2020-02-14T17:53:07.947] [DEBUG] cheese - null
[2020-02-14T17:53:07.949] [DEBUG] cheese - null
[2020-02-14T17:53:13.294] [DEBUG] cheese - null
[2020-02-14T17:53:13.296] [DEBUG] cheese - null
[2020-02-14T17:53:14.599] [DEBUG] cheese - null
[2020-02-14T17:53:14.601] [DEBUG] cheese - null
[2020-02-14T17:53:23.043] [DEBUG] cheese - login => username:admin,password:123456
[2020-02-14T17:53:23.043] [DEBUG] cheese - admin
[2020-02-14T17:53:23.045] [DEBUG] cheese - null
[2020-02-14T17:53:23.045] [DEBUG] cheese - null
[2020-02-15T13:35:26.258] [DEBUG] cheese - login => username:admin,password:123456
[2020-02-15T13:35:26.259] [DEBUG] cheese - admin
[2020-02-15T13:35:26.261] [DEBUG] cheese - null
[2020-02-15T13:35:26.261] [DEBUG] cheese - null
[2020-02-16T12:38:14.875] [DEBUG] cheese - login => username:admin,password:123456
[2020-02-16T12:38:14.875] [DEBUG] cheese - admin
[2020-02-16T12:38:14.885] [DEBUG] cheese - null
[2020-02-16T12:38:14.885] [DEBUG] cheese - null
[2020-02-19T12:23:52.880] [DEBUG] cheese - login => username:admin,password:123456
[2020-02-19T12:23:52.880] [DEBUG] cheese - admin
[2020-02-19T12:23:52.886] [DEBUG] cheese - null
[2020-02-19T12:23:52.887] [DEBUG] cheese - null
[2020-02-19T12:26:17.173] [DEBUG] cheese - login => username:admin,password:123456
[2020-02-19T12:26:17.173] [DEBUG] cheese - admin
[2020-02-19T12:26:17.176] [DEBUG] cheese - null
[2020-02-19T12:26:17.176] [DEBUG] cheese - null
[2020-02-19T12:27:14.420] [DEBUG] cheese - login => username:admin,password:123456
[2020-02-19T12:27:14.420] [DEBUG] cheese - admin
[2020-02-19T12:27:14.422] [DEBUG] cheese - null
[2020-02-19T12:27:14.423] [DEBUG] cheese - null
[2020-02-25T03:10:46.626] [DEBUG] cheese - login => username:admin,password:123456
[2020-02-25T03:10:46.629] [DEBUG] cheese - admin
[2020-02-25T03:10:46.663] [DEBUG] cheese - null
[2020-02-25T03:10:46.663] [DEBUG] cheese - null
[2020-02-25T03:12:31.943] [DEBUG] cheese - login => username:goods,password:123456
[2020-02-25T03:12:31.943] [DEBUG] cheese - goods
[2020-02-25T03:12:31.945] [DEBUG] cheese - null
[2020-02-25T03:12:31.945] [DEBUG] cheese - null
[2020-02-25T03:12:34.412] [DEBUG] cheese - login => username:admin,password:123456
[2020-02-25T03:12:34.412] [DEBUG] cheese - admin
[2020-02-25T03:12:34.415] [DEBUG] cheese - null
[2020-02-25T03:12:34.415] [DEBUG] cheese - null
[2020-02-25T03:12:53.832] [DEBUG] cheese - login => username:good,password:123456
[2020-02-25T03:12:53.832] [DEBUG] cheese - good
[2020-02-25T03:12:53.835] [DEBUG] cheese - null
[2020-02-25T03:12:53.835] [DEBUG] cheese - null
[2020-02-25T03:13:04.899] [DEBUG] cheese - login => username:goods,password:123456
[2020-02-25T03:13:04.899] [DEBUG] cheese - goods
[2020-02-25T03:13:04.901] [DEBUG] cheese - null
[2020-02-25T03:13:04.901] [DEBUG] cheese - null
[2020-02-25T03:13:08.296] [DEBUG] cheese - null
[2020-02-25T03:13:08.298] [DEBUG] cheese - null
[2020-02-25T03:13:24.035] [DEBUG] cheese - null
[2020-02-25T03:13:24.038] [DEBUG] cheese - null
[2020-02-25T03:13:28.201] [DEBUG] cheese - null
[2020-02-25T03:13:28.203] [DEBUG] cheese - null
[2020-02-25T03:13:51.407] [DEBUG] cheese - null
[2020-02-25T03:13:51.410] [DEBUG] cheese - null
[2020-02-25T03:13:56.478] [DEBUG] cheese - null
[2020-02-25T03:13:56.480] [DEBUG] cheese - null
[2020-02-25T03:13:59.727] [DEBUG] cheese - null
[2020-02-25T03:13:59.729] [DEBUG] cheese - null
[2020-02-25T03:14:04.221] [DEBUG] cheese - null
[2020-02-25T03:14:04.224] [DEBUG] cheese - null
[2020-02-25T03:14:04.272] [DEBUG] cheese - null
[2020-02-25T03:14:04.273] [DEBUG] cheese - null
[2020-02-25T03:14:12.593] [DEBUG] cheese - login => username:goods,password:123456
[2020-02-25T03:14:12.593] [DEBUG] cheese - goods
[2020-02-25T03:14:12.596] [DEBUG] cheese - null
[2020-02-25T03:14:12.596] [DEBUG] cheese - null
[2020-02-25T03:14:15.186] [DEBUG] cheese - null
[2020-02-25T03:14:15.188] [DEBUG] cheese - null
[2020-02-25T03:14:16.064] [DEBUG] cheese - null
[2020-02-25T03:14:16.065] [DEBUG] cheese - null
[2020-02-25T03:14:17.239] [DEBUG] cheese - null
[2020-02-25T03:14:17.241] [DEBUG] cheese - null
[2020-02-25T03:14:23.251] [DEBUG] cheese - login => username:admin,password:123456
[2020-02-25T03:14:23.251] [DEBUG] cheese - admin
[2020-02-25T03:14:23.253] [DEBUG] cheese - null
[2020-02-25T03:14:23.253] [DEBUG] cheese - null
[2020-02-25T03:16:13.919] [DEBUG] cheese - login => username:goods,password:123456
[2020-02-25T03:16:13.919] [DEBUG] cheese - goods
[2020-02-25T03:16:13.920] [DEBUG] cheese - null
[2020-02-25T03:16:13.921] [DEBUG] cheese - null
[2020-02-25T03:16:17.235] [DEBUG] cheese - null
[2020-02-25T03:16:17.236] [DEBUG] cheese - null
[2020-02-25T03:16:20.234] [DEBUG] cheese - null
[2020-02-25T03:16:20.239] [DEBUG] cheese - null
[2020-02-25T03:16:21.420] [DEBUG] cheese - null
[2020-02-25T03:16:21.427] [DEBUG] cheese - null
[2020-02-25T03:16:28.501] [DEBUG] cheese - login => username:admin,password:123456
[2020-02-25T03:16:28.502] [DEBUG] cheese - admin
[2020-02-25T03:16:28.513] [DEBUG] cheese - null
[2020-02-25T03:16:28.513] [DEBUG] cheese - null
[2020-02-25T03:23:35.712] [DEBUG] cheese - login => username:admin,password:123456
[2020-02-25T03:23:35.712] [DEBUG] cheese - admin
[2020-02-25T03:23:35.715] [DEBUG] cheese - null
[2020-02-25T03:23:35.715] [DEBUG] cheese - null
[2020-02-25T03:25:38.822] [DEBUG] cheese - null
[2020-02-25T03:26:05.449] [DEBUG] cheese - login => username:linken,password:123456
[2020-02-25T03:26:05.450] [DEBUG] cheese - linken
[2020-02-25T03:26:05.451] [DEBUG] cheese - null
[2020-02-25T03:26:05.451] [DEBUG] cheese - null
[2020-02-25T03:26:07.914] [DEBUG] cheese - null
[2020-02-25T03:26:12.458] [DEBUG] cheese - null
[2020-02-25T03:26:18.375] [DEBUG] cheese - null
[2020-02-25T03:26:18.377] [DEBUG] cheese - null
[2020-02-25T03:26:21.334] [DEBUG] cheese - null
[2020-02-25T03:26:21.335] [DEBUG] cheese - null
[2020-02-25T03:26:22.151] [DEBUG] cheese - null
[2020-02-25T03:26:22.153] [DEBUG] cheese - null
[2020-02-25T03:26:22.799] [DEBUG] cheese - null
[2020-02-25T03:26:22.801] [DEBUG] cheese - null
[2020-02-25T03:26:25.970] [DEBUG] cheese - login => username:admin,password:123456
[2020-02-25T03:26:25.970] [DEBUG] cheese - admin
[2020-02-25T03:26:25.972] [DEBUG] cheese - null
[2020-02-25T03:26:25.972] [DEBUG] cheese - null
[2020-02-25T03:44:58.658] [DEBUG] cheese - login => username:admin,password:123456
[2020-02-25T03:44:58.658] [DEBUG] cheese - admin
[2020-02-25T03:44:58.660] [DEBUG] cheese - null
[2020-02-25T03:44:58.660] [DEBUG] cheese - null
[2020-02-25T09:35:09.360] [DEBUG] cheese - login => username:admin,password:123456
[2020-02-25T09:35:09.360] [DEBUG] cheese - admin
[2020-02-25T09:35:09.361] [DEBUG] cheese - null
[2020-02-25T09:35:09.361] [DEBUG] cheese - null
[2020-02-25T09:35:20.332] [DEBUG] cheese - login => username:goods,password:123456
[2020-02-25T09:35:20.333] [DEBUG] cheese - goods
[2020-02-25T09:35:20.335] [DEBUG] cheese - null
[2020-02-25T09:35:20.335] [DEBUG] cheese - null
[2020-02-25T09:35:22.817] [DEBUG] cheese - null
[2020-02-25T09:35:22.819] [DEBUG] cheese - null
[2020-02-25T09:35:23.402] [DEBUG] cheese - null
[2020-02-25T09:35:23.404] [DEBUG] cheese - null
[2020-02-25T09:35:31.430] [DEBUG] cheese - login => username:author,password:123456
[2020-02-25T09:35:31.430] [DEBUG] cheese - author
[2020-02-25T09:35:31.432] [DEBUG] cheese - null
[2020-02-25T09:35:31.432] [DEBUG] cheese - null
[2020-02-25T09:35:33.625] [DEBUG] cheese - null
[2020-02-25T09:35:33.626] [DEBUG] cheese - null
[2020-02-25T09:35:34.109] [DEBUG] cheese - null
[2020-02-25T09:35:34.110] [DEBUG] cheese - null
[2020-02-25T09:36:07.230] [DEBUG] cheese - login => username:admin,password:123456
[2020-02-25T09:36:07.230] [DEBUG] cheese - admin
[2020-02-25T09:36:07.233] [DEBUG] cheese - null
[2020-02-25T09:36:07.233] [DEBUG] cheese - null
[2020-02-25T09:36:57.448] [DEBUG] cheese - login => username:test,password:123456
[2020-02-25T09:36:57.448] [DEBUG] cheese - test
[2020-02-25T09:36:57.450] [DEBUG] cheese - null
[2020-02-25T09:36:57.451] [DEBUG] cheese - null
[2020-02-25T09:36:59.390] [DEBUG] cheese - login => username:admin,password:123456
[2020-02-25T09:36:59.390] [DEBUG] cheese - admin
[2020-02-25T09:36:59.392] [DEBUG] cheese - null
[2020-02-25T09:36:59.392] [DEBUG] cheese - null
[2020-02-25T09:37:20.461] [DEBUG] cheese - login => username:test,password:123456
[2020-02-25T09:37:20.461] [DEBUG] cheese - test
[2020-02-25T09:37:20.463] [DEBUG] cheese - null
[2020-02-25T09:37:20.463] [DEBUG] cheese - null
[2020-02-25T09:37:22.733] [DEBUG] cheese - null
[2020-02-25T09:37:22.734] [DEBUG] cheese - null
[2020-02-25T09:37:26.423] [DEBUG] cheese - login => username:admin,password:123456
[2020-02-25T09:37:26.424] [DEBUG] cheese - admin
[2020-02-25T09:37:26.425] [DEBUG] cheese - null
[2020-02-25T09:37:26.425] [DEBUG] cheese - null
[2020-02-25T09:37:34.639] [DEBUG] cheese - null
[2020-02-25T09:37:38.764] [DEBUG] cheese - null
[2020-02-25T09:37:44.419] [DEBUG] cheese - login => username:test,password:123456
[2020-02-25T09:37:44.419] [DEBUG] cheese - test
[2020-02-25T09:37:44.422] [DEBUG] cheese - null
[2020-02-25T09:37:44.422] [DEBUG] cheese - null
[2020-02-25T09:52:10.526] [DEBUG] cheese - null
[2020-02-25T09:52:10.528] [DEBUG] cheese - null
[2020-02-25T09:52:11.905] [DEBUG] cheese - null
[2020-02-25T09:52:11.906] [DEBUG] cheese - null
[2020-02-25T09:52:13.187] [DEBUG] cheese - null
[2020-02-25T09:52:13.189] [DEBUG] cheese - null
[2020-02-25T09:52:15.056] [DEBUG] cheese - null
[2020-02-25T09:52:15.057] [DEBUG] cheese - null
[2020-02-25T09:52:25.023] [DEBUG] cheese - null
[2020-02-25T09:52:25.024] [DEBUG] cheese - null
[2020-02-25T09:52:26.311] [DEBUG] cheese - null
[2020-02-25T09:52:26.312] [DEBUG] cheese - null
[2020-03-08T23:33:06.424] [DEBUG] cheese - login => username:admin,password:123456
[2020-03-08T23:33:06.428] [DEBUG] cheese - admin
[2020-03-08T23:33:06.483] [DEBUG] cheese - null
[2020-03-08T23:33:06.484] [DEBUG] cheese - null
[2020-03-08T23:33:18.033] [DEBUG] cheese - login => username:admin,password:123456
[2020-03-08T23:33:18.033] [DEBUG] cheese - admin
[2020-03-08T23:33:18.039] [DEBUG] cheese - null
[2020-03-08T23:33:18.039] [DEBUG] cheese - null
[2020-05-10T14:25:31.868] [DEBUG] cheese - login => username:admin,password:123456
[2020-05-10T14:25:31.870] [DEBUG] cheese - admin
[2020-05-10T14:25:31.873] [DEBUG] cheese - null
[2020-05-10T14:25:31.874] [DEBUG] cheese - null
[2020-05-10T15:07:35.379] [DEBUG] cheese - login => username:admin,password:123456
[2020-05-10T15:07:35.380] [DEBUG] cheese - admin
[2020-05-10T15:07:35.383] [DEBUG] cheese - null
[2020-05-10T15:07:35.384] [DEBUG] cheese - null
[2020-05-10T19:03:52.723] [DEBUG] cheese - null
[2020-05-10T20:19:05.862] [DEBUG] cheese - null
[2020-05-10T20:19:08.042] [DEBUG] cheese - null
[2020-05-10T20:19:14.916] [DEBUG] cheese - null
[2020-05-10T20:20:50.707] [DEBUG] cheese - null
[2020-05-10T20:34:35.234] [DEBUG] cheese - null
[2020-05-10T21:08:59.662] [DEBUG] cheese - null
[2020-05-10T21:09:16.626] [DEBUG] cheese - null
[2020-05-10T21:15:11.631] [DEBUG] cheese - login => username:admin,password:123456
[2020-05-10T21:15:11.631] [DEBUG] cheese - admin
[2020-05-10T21:15:11.642] [DEBUG] cheese - null
[2020-05-10T21:15:11.642] [DEBUG] cheese - null
[2020-05-10T21:15:41.909] [DEBUG] cheese - null
[2020-05-10T21:18:11.022] [DEBUG] cheese - null
[2020-05-10T21:20:39.783] [DEBUG] cheese - null
[2020-05-10T21:20:45.997] [DEBUG] cheese - null
[2020-05-10T21:20:50.276] [DEBUG] cheese - null
[2020-05-10T21:21:09.950] [DEBUG] cheese - null
[2020-05-10T21:21:39.098] [DEBUG] cheese - null
[2020-05-10T21:21:57.069] [DEBUG] cheese - null
[2020-05-10T21:22:59.172] [DEBUG] cheese - null
[2020-05-10T21:23:19.060] [DEBUG] cheese - null
[2020-05-10T21:23:22.356] [DEBUG] cheese - null
[2020-05-10T21:24:14.849] [DEBUG] cheese - null
[2020-05-11T18:50:51.339] [DEBUG] cheese - login => username:admin,password:123456
[2020-05-11T18:50:51.341] [DEBUG] cheese - admin
[2020-05-11T18:50:51.399] [DEBUG] cheese - null
[2020-05-11T18:50:51.399] [DEBUG] cheese - null
[2020-05-11T19:11:07.509] [DEBUG] cheese - login => username:admin,password:123456
[2020-05-11T19:11:07.509] [DEBUG] cheese - admin
[2020-05-11T19:11:07.512] [DEBUG] cheese - null
[2020-05-11T19:11:07.513] [DEBUG] cheese - null
[2020-05-11T19:14:58.951] [DEBUG] cheese - login => username:admin,password:123456
[2020-05-11T19:14:58.951] [DEBUG] cheese - admin
[2020-05-11T19:14:58.955] [DEBUG] cheese - null
[2020-05-11T19:14:58.955] [DEBUG] cheese - null
[2020-05-11T19:15:12.212] [DEBUG] cheese - login => username:admin,password:123456
[2020-05-11T19:15:12.212] [DEBUG] cheese - admin
[2020-05-11T19:15:12.214] [DEBUG] cheese - null
[2020-05-11T19:15:12.214] [DEBUG] cheese - null
[2020-05-11T19:17:08.497] [DEBUG] cheese - null
[2021-08-16T00:45:44.760] [DEBUG] cheese - login => username:zhans,password:123456
[2021-08-16T00:45:44.836] [DEBUG] cheese - zhans
[2021-08-16T00:45:45.688] [DEBUG] cheese - null
[2021-08-16T00:45:45.701] [DEBUG] cheese - null
[2021-08-16T00:45:52.564] [DEBUG] cheese - login => username:admin,password:123456
[2021-08-16T00:45:52.564] [DEBUG] cheese - admin
[2021-08-16T00:45:52.773] [DEBUG] cheese - null
[2021-08-16T00:45:52.774] [DEBUG] cheese - null
[2021-08-17T10:04:47.463] [DEBUG] cheese - login => username:admin,password:123456
[2021-08-17T10:04:47.567] [DEBUG] cheese - admin
[2021-08-17T10:04:48.566] [DEBUG] cheese - null
[2021-08-17T10:04:48.586] [DEBUG] cheese - null
[2021-08-17T10:06:01.157] [DEBUG] cheese - login => username:admin,password:123456
[2021-08-17T10:06:01.158] [DEBUG] cheese - admin
[2021-08-17T10:06:01.163] [DEBUG] cheese - null
[2021-08-17T10:06:01.163] [DEBUG] cheese - null
[2021-08-17T10:24:38.313] [DEBUG] cheese - login => username:admin,password:123456
[2021-08-17T10:24:38.315] [DEBUG] cheese - admin
[2021-08-17T10:24:38.593] [DEBUG] cheese - null
[2021-08-17T10:24:38.593] [DEBUG] cheese - null
[2021-08-17T10:29:57.170] [DEBUG] cheese - login => username:admin,password:123456
[2021-08-17T10:29:57.172] [DEBUG] cheese - admin
[2021-08-17T10:29:57.178] [DEBUG] cheese - null
[2021-08-17T10:29:57.178] [DEBUG] cheese - null
[2021-08-17T10:35:54.353] [DEBUG] cheese - login => username:123,password:123456
[2021-08-17T10:35:54.353] [DEBUG] cheese - 123
[2021-08-17T10:35:54.561] [DEBUG] cheese - null
[2021-08-17T10:35:54.561] [DEBUG] cheese - null
[2021-08-17T10:47:43.122] [DEBUG] cheese - login => username:admin,password:123456
[2021-08-17T10:47:43.145] [DEBUG] cheese - admin
[2021-08-17T10:47:43.174] [DEBUG] cheese - null
[2021-08-17T10:47:43.174] [DEBUG] cheese - null
[2021-08-17T10:51:35.162] [DEBUG] cheese - login => username:123,password:12345546
[2021-08-17T10:51:35.163] [DEBUG] cheese - 123
[2021-08-17T10:51:35.426] [DEBUG] cheese - null
[2021-08-17T10:51:35.426] [DEBUG] cheese - null
[2021-08-17T10:51:51.475] [DEBUG] cheese - login => username:admin,password:123456
[2021-08-17T10:51:51.475] [DEBUG] cheese - admin
[2021-08-17T10:51:51.488] [DEBUG] cheese - null
[2021-08-17T10:51:51.489] [DEBUG] cheese - null
[2021-08-17T11:02:49.259] [DEBUG] cheese - login => username:12345,password:adsdad
[2021-08-17T11:02:49.260] [DEBUG] cheese - 12345
[2021-08-17T11:02:49.651] [DEBUG] cheese - null
[2021-08-17T11:02:49.651] [DEBUG] cheese - null
[2021-08-17T11:02:51.893] [DEBUG] cheese - login => username:12345,password:adsdad
[2021-08-17T11:02:51.894] [DEBUG] cheese - 12345
[2021-08-17T11:02:51.896] [DEBUG] cheese - null
[2021-08-17T11:02:51.896] [DEBUG] cheese - null
[2021-08-17T11:03:11.922] [DEBUG] cheese - login => username:123456,password:1234567789
[2021-08-17T11:03:11.923] [DEBUG] cheese - 123456
[2021-08-17T11:03:11.925] [DEBUG] cheese - null
[2021-08-17T11:03:11.925] [DEBUG] cheese - null
[2021-08-17T11:03:55.396] [DEBUG] cheese - login => username:123456,password:1651csdgs
[2021-08-17T11:03:55.396] [DEBUG] cheese - 123456
[2021-08-17T11:03:55.398] [DEBUG] cheese - null
[2021-08-17T11:03:55.398] [DEBUG] cheese - null
[2021-08-17T11:04:54.954] [DEBUG] cheese - login => username:123456,password:1315646
[2021-08-17T11:04:54.954] [DEBUG] cheese - 123456
[2021-08-17T11:04:54.957] [DEBUG] cheese - null
[2021-08-17T11:04:54.957] [DEBUG] cheese - null
[2021-08-17T11:04:56.731] [DEBUG] cheese - login => username:123456,password:1315646
[2021-08-17T11:04:56.731] [DEBUG] cheese - 123456
[2021-08-17T11:04:56.738] [DEBUG] cheese - null
[2021-08-17T11:04:56.738] [DEBUG] cheese - null
[2021-08-17T11:04:57.900] [DEBUG] cheese - login => username:123456,password:1315646
[2021-08-17T11:04:57.901] [DEBUG] cheese - 123456
[2021-08-17T11:04:57.902] [DEBUG] cheese - null
[2021-08-17T11:04:57.902] [DEBUG] cheese - null
[2021-08-17T11:04:58.511] [DEBUG] cheese - login => username:123456,password:1315646
[2021-08-17T11:04:58.511] [DEBUG] cheese - 123456
[2021-08-17T11:04:58.514] [DEBUG] cheese - null
[2021-08-17T11:04:58.514] [DEBUG] cheese - null
[2021-08-17T11:04:58.779] [DEBUG] cheese - login => username:123456,password:1315646
[2021-08-17T11:04:58.779] [DEBUG] cheese - 123456
[2021-08-17T11:04:58.781] [DEBUG] cheese - null
[2021-08-17T11:04:58.781] [DEBUG] cheese - null
[2021-08-17T11:05:10.912] [DEBUG] cheese - login => username:admin,password:123456
[2021-08-17T11:05:10.912] [DEBUG] cheese - admin
[2021-08-17T11:05:10.960] [DEBUG] cheese - null
[2021-08-17T11:05:10.960] [DEBUG] cheese - null
[2021-08-17T11:06:03.606] [DEBUG] cheese - login => username:admin,password:123456
[2021-08-17T11:06:03.606] [DEBUG] cheese - admin
[2021-08-17T11:06:03.608] [DEBUG] cheese - null
[2021-08-17T11:06:03.608] [DEBUG] cheese - null
[2021-08-17T12:52:55.451] [DEBUG] cheese - login => username:123,password:132544354
[2021-08-17T12:52:55.453] [DEBUG] cheese - 123
[2021-08-17T12:52:55.528] [DEBUG] cheese - null
[2021-08-17T12:52:55.529] [DEBUG] cheese - null
[2021-08-17T12:53:07.197] [DEBUG] cheese - login => username:admin,password:123456
[2021-08-17T12:53:07.197] [DEBUG] cheese - admin
[2021-08-17T12:53:07.202] [DEBUG] cheese - null
[2021-08-17T12:53:07.202] [DEBUG] cheese - null
[2021-08-17T12:53:46.385] [DEBUG] cheese - login => username:admin,password:123456
[2021-08-17T12:53:46.385] [DEBUG] cheese - admin
[2021-08-17T12:53:46.397] [DEBUG] cheese - null
[2021-08-17T12:53:46.397] [DEBUG] cheese - null
[2021-08-17T12:54:55.435] [DEBUG] cheese - login => username:admin,password:123456
[2021-08-17T12:54:55.436] [DEBUG] cheese - admin
[2021-08-17T12:54:55.438] [DEBUG] cheese - null
[2021-08-17T12:54:55.438] [DEBUG] cheese - null
[2021-08-17T12:55:59.698] [DEBUG] cheese - login => username:admin,password:123456
[2021-08-17T12:55:59.698] [DEBUG] cheese - admin
[2021-08-17T12:55:59.706] [DEBUG] cheese - null
[2021-08-17T12:55:59.706] [DEBUG] cheese - null
[2021-08-17T12:56:04.156] [DEBUG] cheese - login => username:admin,password:123456
[2021-08-17T12:56:04.157] [DEBUG] cheese - admin
[2021-08-17T12:56:04.160] [DEBUG] cheese - null
[2021-08-17T12:56:04.160] [DEBUG] cheese - null
[2021-08-17T13:00:22.878] [DEBUG] cheese - login => username:admin,password:123456
[2021-08-17T13:00:22.880] [DEBUG] cheese - admin
[2021-08-17T13:00:22.892] [DEBUG] cheese - null
[2021-08-17T13:00:22.892] [DEBUG] cheese - null
[2021-08-17T13:14:53.308] [DEBUG] cheese - login => username:admin,password:123456
[2021-08-17T13:14:53.313] [DEBUG] cheese - admin
[2021-08-17T13:14:53.343] [DEBUG] cheese - null
[2021-08-17T13:14:53.343] [DEBUG] cheese - null
[2021-08-17T13:30:19.309] [DEBUG] cheese - login => username:admin,password:123456
[2021-08-17T13:30:19.310] [DEBUG] cheese - admin
[2021-08-17T13:30:19.465] [DEBUG] cheese - null
[2021-08-17T13:30:19.465] [DEBUG] cheese - null
[2021-08-17T13:31:00.317] [DEBUG] cheese - login => username:admin,password:123456
[2021-08-17T13:31:00.317] [DEBUG] cheese - admin
[2021-08-17T13:31:00.319] [DEBUG] cheese - null
[2021-08-17T13:31:00.319] [DEBUG] cheese - null
[2021-08-17T13:31:25.816] [DEBUG] cheese - login => username:admin,password:123456
[2021-08-17T13:31:25.817] [DEBUG] cheese - admin
[2021-08-17T13:31:25.820] [DEBUG] cheese - null
[2021-08-17T13:31:25.821] [DEBUG] cheese - null
[2021-08-17T14:42:10.916] [DEBUG] cheese - login => username:admin,password:123456
[2021-08-17T14:42:10.918] [DEBUG] cheese - admin
[2021-08-17T14:42:10.988] [DEBUG] cheese - null
[2021-08-17T14:42:10.989] [DEBUG] cheese - null
[2021-08-17T17:03:52.724] [DEBUG] cheese - login => username:admin,password:123456
[2021-08-17T17:03:52.772] [DEBUG] cheese - admin
[2021-08-17T17:03:53.055] [DEBUG] cheese - null
[2021-08-17T17:03:53.055] [DEBUG] cheese - null
[2021-08-17T17:03:56.724] [DEBUG] cheese - login => username:admin,password:123456
[2021-08-17T17:03:56.724] [DEBUG] cheese - admin
[2021-08-17T17:03:56.727] [DEBUG] cheese - null
[2021-08-17T17:03:56.727] [DEBUG] cheese - null
[2021-08-17T17:09:46.810] [DEBUG] cheese - login => username:admin,password:123456
[2021-08-17T17:09:46.818] [DEBUG] cheese - admin
[2021-08-17T17:09:46.823] [DEBUG] cheese - null
[2021-08-17T17:09:46.824] [DEBUG] cheese - null
[2021-08-17T17:30:17.615] [DEBUG] cheese - login => username:admin,password:123456
[2021-08-17T17:30:17.617] [DEBUG] cheese - admin
[2021-08-17T17:30:17.649] [DEBUG] cheese - null
[2021-08-17T17:30:17.649] [DEBUG] cheese - null
[2021-08-17T17:35:58.098] [DEBUG] cheese - login => username:admin,password:123456
[2021-08-17T17:35:58.099] [DEBUG] cheese - admin
[2021-08-17T17:35:58.104] [DEBUG] cheese - null
[2021-08-17T17:35:58.104] [DEBUG] cheese - null
[2021-08-17T17:44:17.654] [DEBUG] cheese - login => username:admin,password:123456
[2021-08-17T17:44:17.657] [DEBUG] cheese - admin
[2021-08-17T17:44:17.896] [DEBUG] cheese - null
[2021-08-17T17:44:17.897] [DEBUG] cheese - null
[2021-08-17T17:49:03.603] [DEBUG] cheese - login => username:admin,password:123456
[2021-08-17T17:49:03.603] [DEBUG] cheese - admin
[2021-08-17T17:49:03.623] [DEBUG] cheese - null
[2021-08-17T17:49:03.623] [DEBUG] cheese - null
[2021-08-17T18:13:33.582] [DEBUG] cheese - login => username:admin,password:123456
[2021-08-17T18:13:33.585] [DEBUG] cheese - admin
[2021-08-17T18:13:34.191] [DEBUG] cheese - null
[2021-08-17T18:13:34.191] [DEBUG] cheese - null
[2021-08-17T20:31:33.545] [DEBUG] cheese - login => username:admin,password:123456
[2021-08-17T20:31:33.549] [DEBUG] cheese - admin
[2021-08-17T20:31:33.613] [DEBUG] cheese - null
[2021-08-17T20:31:33.613] [DEBUG] cheese - null
[2021-08-17T20:31:53.408] [DEBUG] cheese - login => username:admin,password:123456
[2021-08-17T20:31:53.410] [DEBUG] cheese - admin
[2021-08-17T20:31:53.415] [DEBUG] cheese - null
[2021-08-17T20:31:53.415] [DEBUG] cheese - null
[2021-08-17T20:32:35.980] [DEBUG] cheese - login => username:admin,password:123456
[2021-08-17T20:32:35.981] [DEBUG] cheese - admin
[2021-08-17T20:32:35.991] [DEBUG] cheese - null
[2021-08-17T20:32:35.992] [DEBUG] cheese - null
[2021-08-17T20:32:59.011] [DEBUG] cheese - login => username:admin,password:123456
[2021-08-17T20:32:59.012] [DEBUG] cheese - admin
[2021-08-17T20:32:59.016] [DEBUG] cheese - null
[2021-08-17T20:32:59.016] [DEBUG] cheese - null
[2021-08-17T20:33:13.962] [DEBUG] cheese - login => username:admin,password:123456
[2021-08-17T20:33:13.962] [DEBUG] cheese - admin
[2021-08-17T20:33:13.967] [DEBUG] cheese - null
[2021-08-17T20:33:13.967] [DEBUG] cheese - null
[2021-08-17T20:33:33.131] [DEBUG] cheese - login => username:admin,password:123456
[2021-08-17T20:33:33.132] [DEBUG] cheese - admin
[2021-08-17T20:33:33.134] [DEBUG] cheese - null
[2021-08-17T20:33:33.134] [DEBUG] cheese - null
[2021-08-17T20:33:39.732] [DEBUG] cheese - login => username:admin,password:123456
[2021-08-17T20:33:39.734] [DEBUG] cheese - admin
[2021-08-17T20:33:39.739] [DEBUG] cheese - null
[2021-08-17T20:33:39.739] [DEBUG] cheese - null
[2021-08-17T20:33:42.978] [DEBUG] cheese - login => username:admin,password:123456
[2021-08-17T20:33:42.978] [DEBUG] cheese - admin
[2021-08-17T20:33:42.981] [DEBUG] cheese - null
[2021-08-17T20:33:42.982] [DEBUG] cheese - null
[2021-08-17T20:36:43.486] [DEBUG] cheese - login => username:admin,password:123456
[2021-08-17T20:36:43.490] [DEBUG] cheese - admin
[2021-08-17T20:36:43.510] [DEBUG] cheese - null
[2021-08-17T20:36:43.510] [DEBUG] cheese - null
[2021-08-17T20:39:50.408] [DEBUG] cheese - login => username:admin,password:123456
[2021-08-17T20:39:50.408] [DEBUG] cheese - admin
[2021-08-17T20:39:50.411] [DEBUG] cheese - null
[2021-08-17T20:39:50.411] [DEBUG] cheese - null
[2021-08-17T20:54:52.760] [DEBUG] cheese - login => username:admin,password:123456
[2021-08-17T20:54:52.764] [DEBUG] cheese - admin
[2021-08-17T20:54:52.788] [DEBUG] cheese - null
[2021-08-17T20:54:52.788] [DEBUG] cheese - null
[2021-08-17T21:16:13.405] [DEBUG] cheese - login => username:admin,password:123456
[2021-08-17T21:16:13.457] [DEBUG] cheese - admin
[2021-08-17T21:16:13.527] [DEBUG] cheese - null
[2021-08-17T21:16:13.527] [DEBUG] cheese - null
[2021-08-17T22:09:51.692] [DEBUG] cheese - login => username:admin,password:123456
[2021-08-17T22:09:51.739] [DEBUG] cheese - admin
[2021-08-17T22:09:51.819] [DEBUG] cheese - null
[2021-08-17T22:09:51.820] [DEBUG] cheese - null
[2021-08-17T22:19:19.256] [DEBUG] cheese - login => username:admin,password:123456
[2021-08-17T22:19:19.307] [DEBUG] cheese - admin
[2021-08-17T22:19:19.375] [DEBUG] cheese - null
[2021-08-17T22:19:19.375] [DEBUG] cheese - null
[2021-08-17T23:23:16.491] [DEBUG] cheese - login => username:admin,password:123456
[2021-08-17T23:23:16.565] [DEBUG] cheese - admin
[2021-08-17T23:23:16.678] [DEBUG] cheese - null
[2021-08-17T23:23:16.678] [DEBUG] cheese - null
[2021-08-18T12:56:27.129] [DEBUG] cheese - login => username:admin,password:123456
[2021-08-18T12:56:27.144] [DEBUG] cheese - admin
[2021-08-18T12:56:28.829] [DEBUG] cheese - login => username:admin,password:123456
[2021-08-18T12:56:28.830] [DEBUG] cheese - admin
[2021-08-18T12:56:29.010] [DEBUG] cheese - null
[2021-08-18T12:56:29.063] [DEBUG] cheese - null
[2021-08-18T12:56:29.342] [DEBUG] cheese - null
[2021-08-18T12:56:29.343] [DEBUG] cheese - null
[2021-08-18T12:56:37.141] [DEBUG] cheese - login => username:admin,password:123456
[2021-08-18T12:56:37.141] [DEBUG] cheese - admin
[2021-08-18T12:56:37.144] [DEBUG] cheese - null
[2021-08-18T12:56:37.144] [DEBUG] cheese - null
[2021-08-18T13:22:47.438] [DEBUG] cheese - login => username:admin,password:123456
[2021-08-18T13:22:47.457] [DEBUG] cheese - admin
[2021-08-18T13:22:47.530] [DEBUG] cheese - null
[2021-08-18T13:22:47.530] [DEBUG] cheese - null
[2021-08-18T13:25:56.349] [DEBUG] cheese - login => username:admin,password:123456
[2021-08-18T13:25:56.349] [DEBUG] cheese - admin
[2021-08-18T13:25:56.354] [DEBUG] cheese - null
[2021-08-18T13:25:56.354] [DEBUG] cheese - null
[2021-08-18T14:29:42.535] [DEBUG] cheese - login => username:admin,password:123456
[2021-08-18T14:29:42.539] [DEBUG] cheese - admin
[2021-08-18T14:29:42.562] [DEBUG] cheese - null
[2021-08-18T14:29:42.562] [DEBUG] cheese - null
[2021-08-18T17:40:51.597] [DEBUG] cheese - login => username:admin,password:123456
[2021-08-18T17:40:51.655] [DEBUG] cheese - admin
[2021-08-18T17:40:51.708] [DEBUG] cheese - null
[2021-08-18T17:40:51.709] [DEBUG] cheese - null
[2021-08-18T22:55:40.444] [DEBUG] cheese - login => username:admin,password:123456
[2021-08-18T22:55:40.495] [DEBUG] cheese - admin
[2021-08-18T22:55:40.513] [DEBUG] cheese - null
[2021-08-18T22:55:40.514] [DEBUG] cheese - null
[2021-08-19T10:33:24.641] [DEBUG] cheese - login => username:admin,password:123456
[2021-08-19T10:33:24.662] [DEBUG] cheese - admin
[2021-08-19T10:33:25.430] [DEBUG] cheese - null
[2021-08-19T10:33:25.431] [DEBUG] cheese - null
[2021-08-19T11:04:35.123] [DEBUG] cheese - login => username:admin,password:123456
[2021-08-19T11:04:35.185] [DEBUG] cheese - admin
[2021-08-19T11:04:35.325] [DEBUG] cheese - null
[2021-08-19T11:04:35.325] [DEBUG] cheese - null
[2021-08-19T12:16:52.941] [DEBUG] cheese - login => username:admin,password:123456
[2021-08-19T12:16:53.003] [DEBUG] cheese - admin
[2021-08-19T12:16:53.059] [DEBUG] cheese - null
[2021-08-19T12:16:53.060] [DEBUG] cheese - null
[2021-08-19T13:36:42.580] [DEBUG] cheese - login => username:admin,password:123456
[2021-08-19T13:36:42.584] [DEBUG] cheese - admin
[2021-08-19T13:36:42.588] [DEBUG] cheese - null
[2021-08-19T13:36:42.588] [DEBUG] cheese - null
[2021-08-19T20:09:09.765] [DEBUG] cheese - login => username:admin,password:123456
[2021-08-19T20:09:09.813] [DEBUG] cheese - admin
[2021-08-19T20:09:09.867] [DEBUG] cheese - null
[2021-08-19T20:09:09.868] [DEBUG] cheese - null
[2021-08-19T20:31:15.440] [DEBUG] cheese - null
[2021-08-19T20:37:18.967] [DEBUG] cheese - login => username:admin,password:123456
[2021-08-19T20:37:18.989] [DEBUG] cheese - admin
[2021-08-19T20:37:19.223] [DEBUG] cheese - null
[2021-08-19T20:37:19.234] [DEBUG] cheese - null
[2021-08-19T20:37:46.892] [DEBUG] cheese - null
[2021-08-19T20:39:59.482] [DEBUG] cheese - null
[2021-08-19T20:42:03.460] [DEBUG] cheese - null
[2021-08-19T20:42:07.884] [DEBUG] cheese - null
[2021-08-19T20:42:21.689] [DEBUG] cheese - null
[2021-08-19T23:05:29.178] [DEBUG] cheese - login => username:admin,password:123456
[2021-08-19T23:05:29.187] [DEBUG] cheese - admin
[2021-08-19T23:05:29.322] [DEBUG] cheese - null
[2021-08-19T23:05:29.322] [DEBUG] cheese - null
[2021-08-19T23:52:47.699] [DEBUG] cheese - null
[2021-08-20T13:30:59.065] [DEBUG] cheese - login => username:admin,password:123456
[2021-08-20T13:30:59.073] [DEBUG] cheese - admin
[2021-08-20T13:30:59.904] [DEBUG] cheese - null
[2021-08-20T13:30:59.921] [DEBUG] cheese - null
[2021-08-20T13:40:19.701] [DEBUG] cheese - login => username:admin,password:123456
[2021-08-20T13:40:19.702] [DEBUG] cheese - admin
[2021-08-20T13:40:19.736] [DEBUG] cheese - null
[2021-08-20T13:40:19.737] [DEBUG] cheese - null
[2021-08-20T14:35:41.928] [DEBUG] cheese - login => username:admin,password:123456
[2021-08-20T14:35:41.957] [DEBUG] cheese - admin
[2021-08-20T14:35:42.040] [DEBUG] cheese - null
[2021-08-20T14:35:42.040] [DEBUG] cheese - null
[2021-08-20T23:41:45.243] [DEBUG] cheese - login => username:admin,password:123456
[2021-08-20T23:41:45.257] [DEBUG] cheese - admin
[2021-08-20T23:41:45.339] [DEBUG] cheese - null
[2021-08-20T23:41:45.341] [DEBUG] cheese - null
[2021-08-21T10:57:39.531] [DEBUG] cheese - login => username:admin,password:123456
[2021-08-21T10:57:39.543] [DEBUG] cheese - admin
[2021-08-21T10:57:40.246] [DEBUG] cheese - null
[2021-08-21T10:57:40.258] [DEBUG] cheese - null
[2021-08-21T10:57:40.446] [DEBUG] cheese - login => username:admin,password:123456
[2021-08-21T10:57:40.446] [DEBUG] cheese - admin
[2021-08-21T10:57:40.449] [DEBUG] cheese - null
[2021-08-21T10:57:40.449] [DEBUG] cheese - null
[2021-08-21T11:48:08.421] [DEBUG] cheese - login => username:admin,password:123456
[2021-08-21T11:48:08.427] [DEBUG] cheese - admin
[2021-08-21T11:48:08.501] [DEBUG] cheese - null
[2021-08-21T11:48:08.502] [DEBUG] cheese - null
[2021-08-21T13:45:07.141] [DEBUG] cheese - login => username:admin,password:123456
[2021-08-21T13:45:07.197] [DEBUG] cheese - admin
[2021-08-21T13:45:07.220] [DEBUG] cheese - null
[2021-08-21T13:45:07.221] [DEBUG] cheese - null
[2021-08-21T23:22:38.461] [DEBUG] cheese - login => username:admin,password:123456
[2021-08-21T23:22:38.510] [DEBUG] cheese - admin
[2021-08-21T23:22:38.523] [DEBUG] cheese - null
[2021-08-21T23:22:38.524] [DEBUG] cheese - null
[2021-08-22T14:18:30.500] [DEBUG] cheese - login => username:admin,password:123456
[2021-08-22T14:18:30.506] [DEBUG] cheese - admin
[2021-08-22T14:18:31.228] [DEBUG] cheese - null
[2021-08-22T14:18:31.229] [DEBUG] cheese - null
[2021-08-22T14:46:21.925] [DEBUG] cheese - login => username:admin,password:123456
[2021-08-22T14:46:21.983] [DEBUG] cheese - admin
[2021-08-22T14:46:21.991] [DEBUG] cheese - null
[2021-08-22T14:46:21.991] [DEBUG] cheese - null
[2021-08-22T14:59:19.242] [DEBUG] cheese - login => username:admin,password:123456
[2021-08-22T14:59:19.278] [DEBUG] cheese - admin
[2021-08-22T14:59:19.300] [DEBUG] cheese - null
[2021-08-22T14:59:19.308] [DEBUG] cheese - null
[2021-08-22T15:56:33.953] [DEBUG] cheese - login => username:admin,password:123456
[2021-08-22T15:56:33.986] [DEBUG] cheese - admin
[2021-08-22T15:56:34.036] [DEBUG] cheese - null
[2021-08-22T15:56:34.053] [DEBUG] cheese - null
[2021-08-22T16:46:27.748] [DEBUG] cheese - login => username:admin,password:123456
[2021-08-22T16:46:27.762] [DEBUG] cheese - admin
[2021-08-22T16:46:27.941] [DEBUG] cheese - null
[2021-08-22T16:46:27.943] [DEBUG] cheese - null
[2021-08-22T16:54:44.210] [DEBUG] cheese - login => username:admin,password:123456
[2021-08-22T16:54:44.224] [DEBUG] cheese - admin
[2021-08-22T16:54:44.688] [DEBUG] cheese - null
[2021-08-22T16:54:44.688] [DEBUG] cheese - null
[2021-08-23T10:52:05.806] [DEBUG] cheese - login => username:admin,password:123456
[2021-08-23T10:52:05.812] [DEBUG] cheese - admin
[2021-08-23T10:52:06.580] [DEBUG] cheese - null
[2021-08-23T10:52:06.581] [DEBUG] cheese - null
[2021-08-23T14:38:33.264] [DEBUG] cheese - login => username:admin,password:123456
[2021-08-23T14:38:33.317] [DEBUG] cheese - admin
[2021-08-23T14:38:33.506] [DEBUG] cheese - null
[2021-08-23T14:38:33.507] [DEBUG] cheese - null
[2021-08-23T15:32:40.938] [DEBUG] cheese - login => username:admin,password:123456
[2021-08-23T15:32:40.948] [DEBUG] cheese - admin
[2021-08-23T15:32:40.977] [DEBUG] cheese - null
[2021-08-23T15:32:40.977] [DEBUG] cheese - null
[2021-08-23T17:15:51.856] [DEBUG] cheese - login => username:admin,password:123456
[2021-08-23T17:15:51.873] [DEBUG] cheese - admin
[2021-08-23T17:15:51.937] [DEBUG] cheese - null
[2021-08-23T17:15:51.937] [DEBUG] cheese - null
[2021-08-23T18:01:39.041] [DEBUG] cheese - null
[2021-08-23T18:14:26.212] [DEBUG] cheese - login => username:admin,password:123456
[2021-08-23T18:14:26.264] [DEBUG] cheese - admin
[2021-08-23T18:14:26.295] [DEBUG] cheese - null
[2021-08-23T18:14:26.295] [DEBUG] cheese - null
[2021-08-23T22:38:29.807] [DEBUG] cheese - login => username:admin,password:123456
[2021-08-23T22:38:29.811] [DEBUG] cheese - admin
[2021-08-23T22:38:30.300] [DEBUG] cheese - null
[2021-08-23T22:38:30.312] [DEBUG] cheese - null
[2021-08-23T22:40:41.075] [DEBUG] cheese - login => username:admin,password:123456
[2021-08-23T22:40:41.077] [DEBUG] cheese - admin
[2021-08-23T22:40:41.101] [DEBUG] cheese - null
[2021-08-23T22:40:41.110] [DEBUG] cheese - null
[2021-08-23T23:45:40.756] [DEBUG] cheese - login => username:admin,password:123456
[2021-08-23T23:45:40.801] [DEBUG] cheese - admin
[2021-08-23T23:45:40.860] [DEBUG] cheese - null
[2021-08-23T23:45:40.864] [DEBUG] cheese - null
[2021-08-23T23:54:40.250] [DEBUG] cheese - login => username:admin,password:123456
[2021-08-23T23:54:40.251] [DEBUG] cheese - admin
[2021-08-23T23:54:40.274] [DEBUG] cheese - null
[2021-08-23T23:54:40.275] [DEBUG] cheese - null
[2021-08-24T12:51:18.141] [DEBUG] cheese - login => username:admin,password:123456
[2021-08-24T12:51:18.153] [DEBUG] cheese - admin
[2021-08-24T12:51:18.902] [DEBUG] cheese - null
[2021-08-24T12:51:18.911] [DEBUG] cheese - null
[2021-08-24T13:29:18.300] [DEBUG] cheese - login => username:admin,password:123456
[2021-08-24T13:29:18.322] [DEBUG] cheese - admin
[2021-08-24T13:29:18.830] [DEBUG] cheese - null
[2021-08-24T13:29:18.830] [DEBUG] cheese - null
[2021-08-24T13:30:02.625] [DEBUG] cheese - login => username:admin,password:123456
[2021-08-24T13:30:02.625] [DEBUG] cheese - admin
[2021-08-24T13:30:02.627] [DEBUG] cheese - null
[2021-08-24T13:30:02.628] [DEBUG] cheese - null
[2021-08-24T13:30:16.085] [DEBUG] cheese - login => username:admin,password:123456
[2021-08-24T13:30:16.085] [DEBUG] cheese - admin
[2021-08-24T13:30:16.087] [DEBUG] cheese - null
[2021-08-24T13:30:16.087] [DEBUG] cheese - null
[2021-08-24T13:30:57.600] [DEBUG] cheese - login => username:admin,password:123456
[2021-08-24T13:30:57.601] [DEBUG] cheese - admin
[2021-08-24T13:30:57.603] [DEBUG] cheese - null
[2021-08-24T13:30:57.603] [DEBUG] cheese - null
[2021-08-24T13:53:55.943] [DEBUG] cheese - login => username:admin,password:123456
[2021-08-24T13:53:55.987] [DEBUG] cheese - admin
[2021-08-24T13:53:56.101] [DEBUG] cheese - null
[2021-08-24T13:53:56.103] [DEBUG] cheese - null
[2021-08-24T14:05:53.783] [DEBUG] cheese - login => username:admin,password:123456
[2021-08-24T14:05:53.786] [DEBUG] cheese - admin
[2021-08-24T14:05:53.812] [DEBUG] cheese - null
[2021-08-24T14:05:53.812] [DEBUG] cheese - null
[2021-08-24T14:28:14.393] [DEBUG] cheese - login => username:admin,password:123456
[2021-08-24T14:28:14.394] [DEBUG] cheese - admin
[2021-08-24T14:28:14.419] [DEBUG] cheese - null
[2021-08-24T14:28:14.419] [DEBUG] cheese - null
[2021-08-24T14:29:00.238] [DEBUG] cheese - login => username:admin,password:123456
[2021-08-24T14:29:00.238] [DEBUG] cheese - admin
[2021-08-24T14:29:00.240] [DEBUG] cheese - null
[2021-08-24T14:29:00.242] [DEBUG] cheese - null
[2021-08-24T15:03:22.539] [DEBUG] cheese - login => username:admin,password:123456
[2021-08-24T15:03:22.583] [DEBUG] cheese - admin
[2021-08-24T15:03:22.658] [DEBUG] cheese - null
[2021-08-24T15:03:22.658] [DEBUG] cheese - null
[2021-08-24T22:58:56.296] [DEBUG] cheese - login => username:admin,password:123456
[2021-08-24T22:58:56.303] [DEBUG] cheese - admin
[2021-08-24T22:58:56.800] [DEBUG] cheese - null
[2021-08-24T22:58:56.802] [DEBUG] cheese - null
[2021-08-25T00:21:38.417] [DEBUG] cheese - login => username:admin,password:123456
[2021-08-25T00:21:38.421] [DEBUG] cheese - admin
[2021-08-25T00:21:39.168] [DEBUG] cheese - null
[2021-08-25T00:21:39.169] [DEBUG] cheese - null
[2021-08-25T00:35:28.095] [DEBUG] cheese - login => username:admin,password:123456
[2021-08-25T00:35:28.105] [DEBUG] cheese - admin
[2021-08-25T00:35:28.398] [DEBUG] cheese - null
[2021-08-25T00:35:28.398] [DEBUG] cheese - null
[2021-08-25T00:45:53.274] [DEBUG] cheese - login => username:admin,password:123456
[2021-08-25T00:45:53.280] [DEBUG] cheese - admin
[2021-08-25T00:45:53.328] [DEBUG] cheese - null
[2021-08-25T00:45:53.329] [DEBUG] cheese - null
[2021-08-25T00:53:56.241] [DEBUG] cheese - login => username:admin,password:123456
[2021-08-25T00:53:56.243] [DEBUG] cheese - admin
[2021-08-25T00:53:56.280] [DEBUG] cheese - null
[2021-08-25T00:53:56.280] [DEBUG] cheese - null
